<?xml version="1.0" encoding="UTF-8"?>
<!-- Generated by org.testng.reporters.JUnitReportReporter -->
<testsuite hostname="LAPTOP-EC0V26KF" failures="0" tests="2" name="facebookLogin.testClassforConfigProp" time="12.985" errors="0" timestamp="2023-05-25T19:25:20 IST" skipped="0">
  <testcase classname="facebookLogin.testClassforConfigProp" name="loginPass" time="10.123"/>
  <system-out/>
  <testcase classname="facebookLogin.testClassforConfigProp" name="windowSwitch" time="2.862"/>
  <system-out/>
</testsuite> <!-- facebookLogin.testClassforConfigProp -->
