<?xml version="1.0" encoding="UTF-8"?>
<!-- Generated by org.testng.reporters.JUnitReportReporter -->
<testsuite hostname="LAPTOP-EC0V26KF" failures="0" tests="2" name="facebookLogin.login" time="12.178" errors="0" timestamp="2023-05-29T23:46:25 IST" skipped="0">
  <testcase classname="facebookLogin.login" name="loginPass" time="9.788"/>
  <system-out/>
  <testcase classname="facebookLogin.login" name="windowSwitch" time="2.390"/>
  <system-out/>
</testsuite> <!-- facebookLogin.login -->
