<?xml version="1.0" encoding="UTF-8"?>
<!-- Generated by org.testng.reporters.JUnitReportReporter -->
<testsuite hostname="LAPTOP-EC0V26KF" failures="0" tests="2" name="facebookLogin.testConfig" time="10.111" errors="0" timestamp="2023-05-18T16:29:35 IST" skipped="0">
  <testcase classname="facebookLogin.testConfig" name="loginPass" time="7.870"/>
  <system-out/>
  <testcase classname="facebookLogin.testConfig" name="windowSwitch" time="2.241"/>
  <system-out/>
</testsuite> <!-- facebookLogin.testConfig -->
